"Reference Handler" daemon prio=10 Id=9 RUNNABLE
	at java.base@21.0.6/java.lang.ref.Reference.waitForReferencePendingList(Native Method)
	at java.base@21.0.6/java.lang.ref.Reference.processPendingReferences(Reference.java:246)
	at java.base@21.0.6/java.lang.ref.Reference$ReferenceHandler.run(Reference.java:208)

"Finalizer" daemon prio=8 Id=10 WAITING on java.lang.ref.NativeReferenceQueue$Lock@4a72aecf
	at java.base@21.0.6/java.lang.Object.wait0(Native Method)
	-  waiting on java.lang.ref.NativeReferenceQueue$Lock@4a72aecf
	at java.base@21.0.6/java.lang.Object.wait(Object.java:366)
	at java.base@21.0.6/java.lang.Object.wait(Object.java:339)
	at java.base@21.0.6/java.lang.ref.NativeReferenceQueue.await(NativeReferenceQueue.java:48)
	at java.base@21.0.6/java.lang.ref.ReferenceQueue.remove0(ReferenceQueue.java:158)
	at java.base@21.0.6/java.lang.ref.NativeReferenceQueue.remove(NativeReferenceQueue.java:89)
	at java.base@21.0.6/java.lang.ref.Finalizer$FinalizerThread.run(Finalizer.java:173)

"Signal Dispatcher" daemon prio=9 Id=11 RUNNABLE

"Attach Listener" daemon prio=5 Id=12 RUNNABLE

"Common-Cleaner" daemon prio=8 Id=18 TIMED_WAITING on java.util.concurrent.locks.AbstractQueuedSynchronizer$ConditionObject@30ea9af2
	at java.base@21.0.6/jdk.internal.misc.Unsafe.park(Native Method)
	-  waiting on java.util.concurrent.locks.AbstractQueuedSynchronizer$ConditionObject@30ea9af2
	at java.base@21.0.6/java.util.concurrent.locks.LockSupport.parkNanos(LockSupport.java:269)
	at java.base@21.0.6/java.util.concurrent.locks.AbstractQueuedSynchronizer$ConditionObject.await(AbstractQueuedSynchronizer.java:1852)
	at java.base@21.0.6/java.lang.ref.ReferenceQueue.await(ReferenceQueue.java:71)
	at java.base@21.0.6/java.lang.ref.ReferenceQueue.remove0(ReferenceQueue.java:143)
	at java.base@21.0.6/java.lang.ref.ReferenceQueue.remove(ReferenceQueue.java:218)
	at java.base@21.0.6/jdk.internal.ref.CleanerImpl.run(CleanerImpl.java:140)
	at java.base@21.0.6/java.lang.Thread.runWith(Thread.java:1596)
	...

"Notification Thread" daemon prio=9 Id=19 RUNNABLE

"Java2D Disposer" daemon prio=10 Id=22 WAITING on java.util.concurrent.locks.AbstractQueuedSynchronizer$ConditionObject@496b0626
	at java.base@21.0.6/jdk.internal.misc.Unsafe.park(Native Method)
	-  waiting on java.util.concurrent.locks.AbstractQueuedSynchronizer$ConditionObject@496b0626
	at java.base@21.0.6/java.util.concurrent.locks.LockSupport.park(LockSupport.java:371)
	at java.base@21.0.6/java.util.concurrent.locks.AbstractQueuedSynchronizer$ConditionNode.block(AbstractQueuedSynchronizer.java:519)
	at java.base@21.0.6/java.util.concurrent.ForkJoinPool.unmanagedBlock(ForkJoinPool.java:3780)
	at java.base@21.0.6/java.util.concurrent.ForkJoinPool.managedBlock(ForkJoinPool.java:3725)
	at java.base@21.0.6/java.util.concurrent.locks.AbstractQueuedSynchronizer$ConditionObject.await(AbstractQueuedSynchronizer.java:1712)
	at java.base@21.0.6/java.lang.ref.ReferenceQueue.await(ReferenceQueue.java:67)
	at java.base@21.0.6/java.lang.ref.ReferenceQueue.remove0(ReferenceQueue.java:158)
	...

"AWT-Shutdown" prio=5 Id=23 WAITING on java.lang.Object@5154f353
	at java.base@21.0.6/java.lang.Object.wait0(Native Method)
	-  waiting on java.lang.Object@5154f353
	at java.base@21.0.6/java.lang.Object.wait(Object.java:366)
	at java.base@21.0.6/java.lang.Object.wait(Object.java:339)
	at java.desktop@21.0.6/sun.awt.AWTAutoShutdown.run(AWTAutoShutdown.java:291)
	at java.base@21.0.6/java.lang.Thread.runWith(Thread.java:1596)
	at java.base@21.0.6/java.lang.Thread.run(Thread.java:1583)

"AWT-Windows" daemon prio=6 Id=24 RUNNABLE (in native)
	at java.desktop@21.0.6/sun.awt.windows.WToolkit.eventLoop(Native Method)
	at java.desktop@21.0.6/sun.awt.windows.WToolkit.run(WToolkit.java:360)
	at java.base@21.0.6/java.lang.Thread.runWith(Thread.java:1596)
	at java.base@21.0.6/java.lang.Thread.run(Thread.java:1583)

"TimerQueue" daemon prio=5 Id=31 TIMED_WAITING on java.util.concurrent.locks.AbstractQueuedSynchronizer$ConditionObject@6ad60d49
	at java.base@21.0.6/jdk.internal.misc.Unsafe.park(Native Method)
	-  waiting on java.util.concurrent.locks.AbstractQueuedSynchronizer$ConditionObject@6ad60d49
	at java.base@21.0.6/java.util.concurrent.locks.LockSupport.parkNanos(LockSupport.java:269)
	at java.base@21.0.6/java.util.concurrent.locks.AbstractQueuedSynchronizer$ConditionObject.awaitNanos(AbstractQueuedSynchronizer.java:1763)
	at java.base@21.0.6/java.util.concurrent.DelayQueue.take(DelayQueue.java:254)
	at java.desktop@21.0.6/javax.swing.TimerQueue.run(TimerQueue.java:165)
	at java.base@21.0.6/java.lang.Thread.runWith(Thread.java:1596)
	at java.base@21.0.6/java.lang.Thread.run(Thread.java:1583)

	Number of locked synchronizers = 1
	- java.util.concurrent.locks.ReentrantLock$NonfairSync@e8f3b60

"AWT-EventQueue-0" prio=6 Id=32 RUNNABLE
	at java.management@21.0.6/sun.management.ThreadImpl.dumpThreads0(Native Method)
	at java.management@21.0.6/sun.management.ThreadImpl.dumpAllThreads(ThreadImpl.java:518)
	at java.management@21.0.6/sun.management.ThreadImpl.dumpAllThreads(ThreadImpl.java:506)
	at org.apache.jorphan.util.ThreadDumper.writeThreadDump(ThreadDumper.java:80)
	at org.apache.jorphan.util.ThreadDumper.threadDump(ThreadDumper.java:68)
	at org.apache.jorphan.util.ThreadDumper.threadDump(ThreadDumper.java:51)
	at org.apache.jmeter.gui.action.What.doAction(What.java:93)
	at org.apache.jmeter.gui.action.ActionRouter.performAction(ActionRouter.java:83)
	...

"DefaultDispatcher-worker-1" daemon prio=6 Id=34 TIMED_WAITING
	at java.base@21.0.6/jdk.internal.misc.Unsafe.park(Native Method)
	at java.base@21.0.6/java.util.concurrent.locks.LockSupport.parkNanos(LockSupport.java:410)
	at kotlinx.coroutines.scheduling.CoroutineScheduler$Worker.park(CoroutineScheduler.kt:838)
	at kotlinx.coroutines.scheduling.CoroutineScheduler$Worker.tryPark(CoroutineScheduler.kt:783)
	at kotlinx.coroutines.scheduling.CoroutineScheduler$Worker.runWorker(CoroutineScheduler.kt:731)
	at kotlinx.coroutines.scheduling.CoroutineScheduler$Worker.run(CoroutineScheduler.kt:684)

"DefaultDispatcher-worker-2" daemon prio=6 Id=35 TIMED_WAITING
	at java.base@21.0.6/jdk.internal.misc.Unsafe.park(Native Method)
	at java.base@21.0.6/java.util.concurrent.locks.LockSupport.parkNanos(LockSupport.java:410)
	at kotlinx.coroutines.scheduling.CoroutineScheduler$Worker.park(CoroutineScheduler.kt:838)
	at kotlinx.coroutines.scheduling.CoroutineScheduler$Worker.tryPark(CoroutineScheduler.kt:783)
	at kotlinx.coroutines.scheduling.CoroutineScheduler$Worker.runWorker(CoroutineScheduler.kt:731)
	at kotlinx.coroutines.scheduling.CoroutineScheduler$Worker.run(CoroutineScheduler.kt:684)

"DestroyJavaVM" prio=5 Id=37 RUNNABLE

"Animations Thread" daemon prio=10 Id=38 WAITING on java.util.concurrent.locks.AbstractQueuedSynchronizer$ConditionObject@7b9d6c03
	at java.base@21.0.6/jdk.internal.misc.Unsafe.park(Native Method)
	-  waiting on java.util.concurrent.locks.AbstractQueuedSynchronizer$ConditionObject@7b9d6c03
	at java.base@21.0.6/java.util.concurrent.locks.LockSupport.park(LockSupport.java:371)
	at java.base@21.0.6/java.util.concurrent.locks.AbstractQueuedSynchronizer$ConditionNode.block(AbstractQueuedSynchronizer.java:519)
	at java.base@21.0.6/java.util.concurrent.ForkJoinPool.unmanagedBlock(ForkJoinPool.java:3780)
	at java.base@21.0.6/java.util.concurrent.ForkJoinPool.managedBlock(ForkJoinPool.java:3725)
	at java.base@21.0.6/java.util.concurrent.locks.AbstractQueuedSynchronizer$ConditionObject.await(AbstractQueuedSynchronizer.java:1712)
	at java.base@21.0.6/java.util.concurrent.ScheduledThreadPoolExecutor$DelayedWorkQueue.take(ScheduledThreadPoolExecutor.java:1170)
	at java.base@21.0.6/java.util.concurrent.ScheduledThreadPoolExecutor$DelayedWorkQueue.take(ScheduledThreadPoolExecutor.java:899)
	...

"Batik CleanerThread" daemon prio=6 Id=40 WAITING on java.util.concurrent.locks.AbstractQueuedSynchronizer$ConditionObject@d25c648
	at java.base@21.0.6/jdk.internal.misc.Unsafe.park(Native Method)
	-  waiting on java.util.concurrent.locks.AbstractQueuedSynchronizer$ConditionObject@d25c648
	at java.base@21.0.6/java.util.concurrent.locks.LockSupport.park(LockSupport.java:371)
	at java.base@21.0.6/java.util.concurrent.locks.AbstractQueuedSynchronizer$ConditionNode.block(AbstractQueuedSynchronizer.java:519)
	at java.base@21.0.6/java.util.concurrent.ForkJoinPool.unmanagedBlock(ForkJoinPool.java:3780)
	at java.base@21.0.6/java.util.concurrent.ForkJoinPool.managedBlock(ForkJoinPool.java:3725)
	at java.base@21.0.6/java.util.concurrent.locks.AbstractQueuedSynchronizer$ConditionObject.await(AbstractQueuedSynchronizer.java:1712)
	at java.base@21.0.6/java.lang.ref.ReferenceQueue.await(ReferenceQueue.java:67)
	at java.base@21.0.6/java.lang.ref.ReferenceQueue.remove0(ReferenceQueue.java:158)
	...

